[2.307s] Invoking command in '/home/anon/ros2_ws/src/butler_robot': PYTHONPATH=/home/anon/ros2_ws/build/butler_robot/prefix_override:/usr/lib/python3/dist-packages/colcon_core/task/python/colcon_distutils_commands:/home/anon/ros2_ws/install/butler_robot/lib/python3.10/site-packages:${PYTHONPATH} /usr/bin/python3 -W ignore:setup.py install is deprecated setup.py egg_info --egg-base ../../build/butler_robot build --build-base /home/anon/ros2_ws/build/butler_robot/build install --record /home/anon/ros2_ws/build/butler_robot/install.log --single-version-externally-managed install_data
[2.711s] running egg_info
[2.713s] writing ../../build/butler_robot/butler_robot.egg-info/PKG-INFO
[2.717s] writing dependency_links to ../../build/butler_robot/butler_robot.egg-info/dependency_links.txt
[2.718s] writing entry points to ../../build/butler_robot/butler_robot.egg-info/entry_points.txt
[2.718s] writing requirements to ../../build/butler_robot/butler_robot.egg-info/requires.txt
[2.718s] writing top-level names to ../../build/butler_robot/butler_robot.egg-info/top_level.txt
[2.735s] reading manifest file '../../build/butler_robot/butler_robot.egg-info/SOURCES.txt'
[2.744s] writing manifest file '../../build/butler_robot/butler_robot.egg-info/SOURCES.txt'
[2.744s] running build
[2.744s] running build_py
[2.745s] running install
[2.745s] running install_lib
[2.763s] running install_data
[2.763s] running install_egg_info
[2.767s] removing '/home/anon/ros2_ws/install/butler_robot/lib/python3.10/site-packages/butler_robot-0.0.0-py3.10.egg-info' (and everything under it)
[2.767s] Copying ../../build/butler_robot/butler_robot.egg-info to /home/anon/ros2_ws/install/butler_robot/lib/python3.10/site-packages/butler_robot-0.0.0-py3.10.egg-info
[2.770s] running install_scripts
[2.811s] Installing butler_node script to /home/anon/ros2_ws/install/butler_robot/lib/butler_robot
[2.811s] writing list of installed files to '/home/anon/ros2_ws/build/butler_robot/install.log'
[2.852s] Invoked command in '/home/anon/ros2_ws/src/butler_robot' returned '0': PYTHONPATH=/home/anon/ros2_ws/build/butler_robot/prefix_override:/usr/lib/python3/dist-packages/colcon_core/task/python/colcon_distutils_commands:/home/anon/ros2_ws/install/butler_robot/lib/python3.10/site-packages:${PYTHONPATH} /usr/bin/python3 -W ignore:setup.py install is deprecated setup.py egg_info --egg-base ../../build/butler_robot build --build-base /home/anon/ros2_ws/build/butler_robot/build install --record /home/anon/ros2_ws/build/butler_robot/install.log --single-version-externally-managed install_data
