[2.252s] Invoking command in '/home/anon/catkin_ws/src/butler_robot': PYTHONPATH=/home/anon/catkin_ws/build/butler_robot/prefix_override:/usr/lib/python3/dist-packages/colcon_core/task/python/colcon_distutils_commands:/home/anon/catkin_ws/install/butler_robot/lib/python3.10/site-packages:${PYTHONPATH} /usr/bin/python3 -W ignore:setup.py install is deprecated setup.py egg_info --egg-base ../../build/butler_robot build --build-base /home/anon/catkin_ws/build/butler_robot/build install --record /home/anon/catkin_ws/build/butler_robot/install.log --single-version-externally-managed install_data
[2.659s] running egg_info
[2.660s] creating ../../build/butler_robot/butler_robot.egg-info
[2.660s] writing ../../build/butler_robot/butler_robot.egg-info/PKG-INFO
[2.660s] writing dependency_links to ../../build/butler_robot/butler_robot.egg-info/dependency_links.txt
[2.661s] writing entry points to ../../build/butler_robot/butler_robot.egg-info/entry_points.txt
[2.661s] writing requirements to ../../build/butler_robot/butler_robot.egg-info/requires.txt
[2.661s] writing top-level names to ../../build/butler_robot/butler_robot.egg-info/top_level.txt
[2.661s] writing manifest file '../../build/butler_robot/butler_robot.egg-info/SOURCES.txt'
[2.664s] reading manifest file '../../build/butler_robot/butler_robot.egg-info/SOURCES.txt'
[2.665s] writing manifest file '../../build/butler_robot/butler_robot.egg-info/SOURCES.txt'
[2.665s] running build
[2.666s] running build_py
[2.666s] creating /home/anon/catkin_ws/build/butler_robot/build
[2.666s] creating /home/anon/catkin_ws/build/butler_robot/build/lib
[2.666s] creating /home/anon/catkin_ws/build/butler_robot/build/lib/butler_robot
[2.666s] copying butler_robot/__init__.py -> /home/anon/catkin_ws/build/butler_robot/build/lib/butler_robot
[2.666s] copying butler_robot/butler_node.py -> /home/anon/catkin_ws/build/butler_robot/build/lib/butler_robot
[2.666s] running install
[2.667s] running install_lib
[2.668s] creating /home/anon/catkin_ws/install/butler_robot/lib/python3.10/site-packages/butler_robot
[2.668s] copying /home/anon/catkin_ws/build/butler_robot/build/lib/butler_robot/__init__.py -> /home/anon/catkin_ws/install/butler_robot/lib/python3.10/site-packages/butler_robot
[2.668s] copying /home/anon/catkin_ws/build/butler_robot/build/lib/butler_robot/butler_node.py -> /home/anon/catkin_ws/install/butler_robot/lib/python3.10/site-packages/butler_robot
[2.669s] byte-compiling /home/anon/catkin_ws/install/butler_robot/lib/python3.10/site-packages/butler_robot/__init__.py to __init__.cpython-310.pyc
[2.669s] byte-compiling /home/anon/catkin_ws/install/butler_robot/lib/python3.10/site-packages/butler_robot/butler_node.py to butler_node.cpython-310.pyc
[2.670s] running install_data
[2.670s] creating /home/anon/catkin_ws/install/butler_robot/share
[2.670s] creating /home/anon/catkin_ws/install/butler_robot/share/ament_index
[2.671s] creating /home/anon/catkin_ws/install/butler_robot/share/ament_index/resource_index
[2.671s] creating /home/anon/catkin_ws/install/butler_robot/share/ament_index/resource_index/packages
[2.671s] copying resource/butler_robot -> /home/anon/catkin_ws/install/butler_robot/share/ament_index/resource_index/packages
[2.671s] creating /home/anon/catkin_ws/install/butler_robot/share/butler_robot
[2.671s] copying package.xml -> /home/anon/catkin_ws/install/butler_robot/share/butler_robot
[2.671s] running install_egg_info
[2.674s] Copying ../../build/butler_robot/butler_robot.egg-info to /home/anon/catkin_ws/install/butler_robot/lib/python3.10/site-packages/butler_robot-0.0.0-py3.10.egg-info
[2.675s] running install_scripts
[2.712s] Installing butler_node script to /home/anon/catkin_ws/install/butler_robot/lib/butler_robot
[2.713s] writing list of installed files to '/home/anon/catkin_ws/build/butler_robot/install.log'
[2.752s] Invoked command in '/home/anon/catkin_ws/src/butler_robot' returned '0': PYTHONPATH=/home/anon/catkin_ws/build/butler_robot/prefix_override:/usr/lib/python3/dist-packages/colcon_core/task/python/colcon_distutils_commands:/home/anon/catkin_ws/install/butler_robot/lib/python3.10/site-packages:${PYTHONPATH} /usr/bin/python3 -W ignore:setup.py install is deprecated setup.py egg_info --egg-base ../../build/butler_robot build --build-base /home/anon/catkin_ws/build/butler_robot/build install --record /home/anon/catkin_ws/build/butler_robot/install.log --single-version-externally-managed install_data
