[3.826s] DEBUG:colcon:Command line arguments: ['/usr/bin/colcon', 'build']
[3.826s] DEBUG:colcon:Parsed command line arguments: Namespace(log_base=None, log_level=None, verb_name='build', build_base='build', install_base='install', merge_install=False, symlink_install=False, test_result_base=None, continue_on_error=False, executor='parallel', parallel_workers=8, event_handlers=None, ignore_user_meta=False, metas=['./colcon.meta'], base_paths=['.'], packages_ignore=None, packages_ignore_regex=None, paths=None, packages_up_to=None, packages_up_to_regex=None, packages_above=None, packages_above_and_dependencies=None, packages_above_depth=None, packages_select_by_dep=None, packages_skip_by_dep=None, packages_skip_up_to=None, packages_select_build_failed=False, packages_skip_build_finished=False, packages_select_test_failures=False, packages_skip_test_passed=False, packages_select=None, packages_skip=None, packages_select_regex=None, packages_skip_regex=None, packages_start=None, packages_end=None, allow_overriding=[], cmake_args=None, cmake_target=None, cmake_target_skip_unavailable=False, cmake_clean_cache=False, cmake_clean_first=False, cmake_force_configure=False, ament_cmake_args=None, catkin_cmake_args=None, catkin_skip_building_tests=False, verb_parser=<colcon_defaults.argument_parser.defaults.DefaultArgumentsDecorator object at 0x7d509aa13340>, verb_extension=<colcon_core.verb.build.BuildVerb object at 0x7d509ab8b7f0>, main=<bound method BuildVerb.main of <colcon_core.verb.build.BuildVerb object at 0x7d509ab8b7f0>>)
[8.069s] Level 1:colcon.colcon_core.package_discovery:discover_packages(colcon_meta) check parameters
[8.070s] Level 1:colcon.colcon_core.package_discovery:discover_packages(recursive) check parameters
[8.070s] Level 1:colcon.colcon_core.package_discovery:discover_packages(ignore) check parameters
[8.070s] Level 1:colcon.colcon_core.package_discovery:discover_packages(path) check parameters
[8.070s] Level 1:colcon.colcon_core.package_discovery:discover_packages(colcon_meta) discover
[8.070s] Level 1:colcon.colcon_core.package_discovery:discover_packages(recursive) discover
[8.070s] INFO:colcon.colcon_core.package_discovery:Crawling recursively for packages in '/home/anon/ros2_ws'
[8.070s] Level 1:colcon.colcon_core.package_identification:_identify(.) by extensions ['ignore', 'ignore_ament_install']
[8.071s] Level 1:colcon.colcon_core.package_identification:_identify(.) by extension 'ignore'
[8.071s] Level 1:colcon.colcon_core.package_identification:_identify(.) by extension 'ignore_ament_install'
[8.071s] Level 1:colcon.colcon_core.package_identification:_identify(.) by extensions ['colcon_pkg']
[8.071s] Level 1:colcon.colcon_core.package_identification:_identify(.) by extension 'colcon_pkg'
[8.071s] Level 1:colcon.colcon_core.package_identification:_identify(.) by extensions ['colcon_meta']
[8.071s] Level 1:colcon.colcon_core.package_identification:_identify(.) by extension 'colcon_meta'
[8.071s] Level 1:colcon.colcon_core.package_identification:_identify(.) by extensions ['ros']
[8.071s] Level 1:colcon.colcon_core.package_identification:_identify(.) by extension 'ros'
[8.156s] Level 1:colcon.colcon_core.package_identification:_identify(.) by extensions ['cmake', 'python']
[8.156s] Level 1:colcon.colcon_core.package_identification:_identify(.) by extension 'cmake'
[8.157s] Level 1:colcon.colcon_core.package_identification:_identify(.) by extension 'python'
[8.157s] Level 1:colcon.colcon_core.package_identification:_identify(.) by extensions ['python_setup_py']
[8.157s] Level 1:colcon.colcon_core.package_identification:_identify(.) by extension 'python_setup_py'
[8.157s] Level 1:colcon.colcon_core.package_identification:_identify(build) by extensions ['ignore', 'ignore_ament_install']
[8.157s] Level 1:colcon.colcon_core.package_identification:_identify(build) by extension 'ignore'
[8.157s] Level 1:colcon.colcon_core.package_identification:_identify(build) ignored
[8.157s] Level 1:colcon.colcon_core.package_identification:_identify(install) by extensions ['ignore', 'ignore_ament_install']
[8.158s] Level 1:colcon.colcon_core.package_identification:_identify(install) by extension 'ignore'
[8.158s] Level 1:colcon.colcon_core.package_identification:_identify(install) ignored
[8.158s] Level 1:colcon.colcon_core.package_identification:_identify(log) by extensions ['ignore', 'ignore_ament_install']
[8.158s] Level 1:colcon.colcon_core.package_identification:_identify(log) by extension 'ignore'
[8.158s] Level 1:colcon.colcon_core.package_identification:_identify(log) ignored
[8.158s] Level 1:colcon.colcon_core.package_identification:_identify(src) by extensions ['ignore', 'ignore_ament_install']
[8.158s] Level 1:colcon.colcon_core.package_identification:_identify(src) by extension 'ignore'
[8.158s] Level 1:colcon.colcon_core.package_identification:_identify(src) by extension 'ignore_ament_install'
[8.159s] Level 1:colcon.colcon_core.package_identification:_identify(src) by extensions ['colcon_pkg']
[8.159s] Level 1:colcon.colcon_core.package_identification:_identify(src) by extension 'colcon_pkg'
[8.159s] Level 1:colcon.colcon_core.package_identification:_identify(src) by extensions ['colcon_meta']
[8.159s] Level 1:colcon.colcon_core.package_identification:_identify(src) by extension 'colcon_meta'
[8.159s] Level 1:colcon.colcon_core.package_identification:_identify(src) by extensions ['ros']
[8.159s] Level 1:colcon.colcon_core.package_identification:_identify(src) by extension 'ros'
[8.159s] Level 1:colcon.colcon_core.package_identification:_identify(src) by extensions ['cmake', 'python']
[8.159s] Level 1:colcon.colcon_core.package_identification:_identify(src) by extension 'cmake'
[8.159s] Level 1:colcon.colcon_core.package_identification:_identify(src) by extension 'python'
[8.159s] Level 1:colcon.colcon_core.package_identification:_identify(src) by extensions ['python_setup_py']
[8.159s] Level 1:colcon.colcon_core.package_identification:_identify(src) by extension 'python_setup_py'
[8.174s] Level 1:colcon.colcon_core.package_identification:_identify(src/butler_robot) by extensions ['ignore', 'ignore_ament_install']
[8.174s] Level 1:colcon.colcon_core.package_identification:_identify(src/butler_robot) by extension 'ignore'
[8.174s] Level 1:colcon.colcon_core.package_identification:_identify(src/butler_robot) by extension 'ignore_ament_install'
[8.174s] Level 1:colcon.colcon_core.package_identification:_identify(src/butler_robot) by extensions ['colcon_pkg']
[8.175s] Level 1:colcon.colcon_core.package_identification:_identify(src/butler_robot) by extension 'colcon_pkg'
[8.175s] Level 1:colcon.colcon_core.package_identification:_identify(src/butler_robot) by extensions ['colcon_meta']
[8.175s] Level 1:colcon.colcon_core.package_identification:_identify(src/butler_robot) by extension 'colcon_meta'
[8.175s] Level 1:colcon.colcon_core.package_identification:_identify(src/butler_robot) by extensions ['ros']
[8.175s] Level 1:colcon.colcon_core.package_identification:_identify(src/butler_robot) by extension 'ros'
[8.180s] DEBUG:colcon.colcon_core.package_identification:Failed to parse potential ROS package manifest in'src/butler_robot': Error(s) in package 'src/butler_robot/package.xml':
Error(s):
- The generic dependency on 'rclpy' is redundant with: exec_depend
[8.181s] Level 1:colcon.colcon_core.package_identification:_identify(src/butler_robot) by extensions ['cmake', 'python']
[8.181s] Level 1:colcon.colcon_core.package_identification:_identify(src/butler_robot) by extension 'cmake'
[8.181s] Level 1:colcon.colcon_core.package_identification:_identify(src/butler_robot) by extension 'python'
[8.187s] DEBUG:colcon.colcon_core.package_identification:Python package in 'src/butler_robot' passes arguments to the setup() function which requires a different identification extension than 'python'
[8.188s] Level 1:colcon.colcon_core.package_identification:_identify(src/butler_robot) by extensions ['python_setup_py']
[8.188s] Level 1:colcon.colcon_core.package_identification:_identify(src/butler_robot) by extension 'python_setup_py'
[8.629s] DEBUG:colcon.colcon_core.package_identification:Package 'src/butler_robot' with type 'python' and name 'butler_robot'
[8.629s] Level 1:colcon.colcon_core.package_discovery:discover_packages(recursive) using defaults
[8.629s] Level 1:colcon.colcon_core.package_discovery:discover_packages(ignore) discover
[8.629s] Level 1:colcon.colcon_core.package_discovery:discover_packages(ignore) using defaults
[8.629s] Level 1:colcon.colcon_core.package_discovery:discover_packages(path) discover
[8.629s] Level 1:colcon.colcon_core.package_discovery:discover_packages(path) using defaults
[9.071s] Level 1:colcon.colcon_core.package_discovery:discover_packages(prefix_path) check parameters
[9.072s] Level 1:colcon.colcon_core.package_discovery:discover_packages(prefix_path) discover
[9.088s] DEBUG:colcon.colcon_installed_package_information.package_discovery:Found 1 installed packages in /home/anon/ros2_ws/install
[9.098s] DEBUG:colcon.colcon_installed_package_information.package_discovery:Found 1 installed packages in /home/anon/aruco_pose/install
[9.100s] DEBUG:colcon.colcon_installed_package_information.package_discovery:Found 9 installed packages in /home/anon/colcon_ws/install
[9.102s] DEBUG:colcon.colcon_installed_package_information.package_discovery:Found 205 installed packages in /opt/ros/humble
[9.104s] Level 1:colcon.colcon_core.package_discovery:discover_packages(prefix_path) using defaults
[9.383s] Level 5:colcon.colcon_core.verb:set package 'butler_robot' build argument 'cmake_args' from command line to 'None'
[9.383s] Level 5:colcon.colcon_core.verb:set package 'butler_robot' build argument 'cmake_target' from command line to 'None'
[9.383s] Level 5:colcon.colcon_core.verb:set package 'butler_robot' build argument 'cmake_target_skip_unavailable' from command line to 'False'
[9.383s] Level 5:colcon.colcon_core.verb:set package 'butler_robot' build argument 'cmake_clean_cache' from command line to 'False'
[9.383s] Level 5:colcon.colcon_core.verb:set package 'butler_robot' build argument 'cmake_clean_first' from command line to 'False'
[9.383s] Level 5:colcon.colcon_core.verb:set package 'butler_robot' build argument 'cmake_force_configure' from command line to 'False'
[9.383s] Level 5:colcon.colcon_core.verb:set package 'butler_robot' build argument 'ament_cmake_args' from command line to 'None'
[9.383s] Level 5:colcon.colcon_core.verb:set package 'butler_robot' build argument 'catkin_cmake_args' from command line to 'None'
[9.383s] Level 5:colcon.colcon_core.verb:set package 'butler_robot' build argument 'catkin_skip_building_tests' from command line to 'False'
[9.383s] DEBUG:colcon.colcon_core.verb:Building package 'butler_robot' with the following arguments: {'ament_cmake_args': None, 'build_base': '/home/anon/ros2_ws/build/butler_robot', 'catkin_cmake_args': None, 'catkin_skip_building_tests': False, 'cmake_args': None, 'cmake_clean_cache': False, 'cmake_clean_first': False, 'cmake_force_configure': False, 'cmake_target': None, 'cmake_target_skip_unavailable': False, 'install_base': '/home/anon/ros2_ws/install/butler_robot', 'merge_install': False, 'path': '/home/anon/ros2_ws/src/butler_robot', 'symlink_install': False, 'test_result_base': None}
[9.384s] INFO:colcon.colcon_core.executor:Executing jobs using 'parallel' executor
[9.385s] DEBUG:colcon.colcon_parallel_executor.executor.parallel:run_until_complete
[9.386s] INFO:colcon.colcon_core.task.python.build:Building Python package in '/home/anon/ros2_ws/src/butler_robot'
[9.417s] INFO:colcon.colcon_core.plugin_system:Skipping extension 'colcon_core.shell.bat': Not used on non-Windows systems
[9.417s] INFO:colcon.colcon_core.shell:Skip shell extension 'powershell' for command environment: Not usable outside of PowerShell
[9.417s] DEBUG:colcon.colcon_core.shell:Skip shell extension 'dsv' for command environment
[11.693s] DEBUG:colcon.colcon_core.event_handler.log_command:Invoking command in '/home/anon/ros2_ws/src/butler_robot': PYTHONPATH=/home/anon/ros2_ws/build/butler_robot/prefix_override:/usr/lib/python3/dist-packages/colcon_core/task/python/colcon_distutils_commands:/home/anon/ros2_ws/install/butler_robot/lib/python3.10/site-packages:${PYTHONPATH} /usr/bin/python3 -W ignore:setup.py install is deprecated setup.py egg_info --egg-base ../../build/butler_robot build --build-base /home/anon/ros2_ws/build/butler_robot/build install --record /home/anon/ros2_ws/build/butler_robot/install.log --single-version-externally-managed install_data
[12.239s] DEBUG:colcon.colcon_core.event_handler.log_command:Invoked command in '/home/anon/ros2_ws/src/butler_robot' returned '0': PYTHONPATH=/home/anon/ros2_ws/build/butler_robot/prefix_override:/usr/lib/python3/dist-packages/colcon_core/task/python/colcon_distutils_commands:/home/anon/ros2_ws/install/butler_robot/lib/python3.10/site-packages:${PYTHONPATH} /usr/bin/python3 -W ignore:setup.py install is deprecated setup.py egg_info --egg-base ../../build/butler_robot build --build-base /home/anon/ros2_ws/build/butler_robot/build install --record /home/anon/ros2_ws/build/butler_robot/install.log --single-version-externally-managed install_data
[12.350s] Level 1:colcon.colcon_core.environment:checking '/home/anon/ros2_ws/install/butler_robot' for CMake module files
[12.403s] Level 1:colcon.colcon_core.environment:checking '/home/anon/ros2_ws/install/butler_robot' for CMake config files
[12.486s] Level 1:colcon.colcon_core.environment:checking '/home/anon/ros2_ws/install/butler_robot/lib'
[12.486s] Level 1:colcon.colcon_core.environment:checking '/home/anon/ros2_ws/install/butler_robot/bin'
[12.486s] Level 1:colcon.colcon_core.environment:checking '/home/anon/ros2_ws/install/butler_robot/lib/pkgconfig/butler_robot.pc'
[12.487s] Level 1:colcon.colcon_core.environment:checking '/home/anon/ros2_ws/install/butler_robot/lib/python3.10/site-packages'
[12.487s] Level 1:colcon.colcon_core.shell:create_environment_hook('butler_robot', 'pythonpath')
[12.488s] INFO:colcon.colcon_core.shell:Creating environment hook '/home/anon/ros2_ws/install/butler_robot/share/butler_robot/hook/pythonpath.ps1'
[12.510s] INFO:colcon.colcon_core.shell:Creating environment descriptor '/home/anon/ros2_ws/install/butler_robot/share/butler_robot/hook/pythonpath.dsv'
[12.511s] INFO:colcon.colcon_core.shell:Creating environment hook '/home/anon/ros2_ws/install/butler_robot/share/butler_robot/hook/pythonpath.sh'
[12.513s] Level 1:colcon.colcon_core.environment:checking '/home/anon/ros2_ws/install/butler_robot/bin'
[12.513s] Level 1:colcon.colcon_core.environment:create_environment_scripts_only(butler_robot)
[12.514s] INFO:colcon.colcon_core.shell:Creating package script '/home/anon/ros2_ws/install/butler_robot/share/butler_robot/package.ps1'
[12.516s] INFO:colcon.colcon_core.shell:Creating package descriptor '/home/anon/ros2_ws/install/butler_robot/share/butler_robot/package.dsv'
[12.517s] INFO:colcon.colcon_core.shell:Creating package script '/home/anon/ros2_ws/install/butler_robot/share/butler_robot/package.sh'
[12.518s] INFO:colcon.colcon_core.shell:Creating package script '/home/anon/ros2_ws/install/butler_robot/share/butler_robot/package.bash'
[12.541s] INFO:colcon.colcon_core.shell:Creating package script '/home/anon/ros2_ws/install/butler_robot/share/butler_robot/package.zsh'
[12.561s] Level 1:colcon.colcon_core.environment:create_file_with_runtime_dependencies(/home/anon/ros2_ws/install/butler_robot/share/colcon-core/packages/butler_robot)
[12.562s] DEBUG:colcon.colcon_parallel_executor.executor.parallel:closing loop
[12.563s] DEBUG:colcon.colcon_parallel_executor.executor.parallel:loop closed
[12.563s] DEBUG:colcon.colcon_parallel_executor.executor.parallel:run_until_complete finished with '0'
[12.563s] DEBUG:colcon.colcon_core.event_reactor:joining thread
[12.651s] INFO:colcon.colcon_core.plugin_system:Skipping extension 'colcon_notification.desktop_notification.terminal_notifier': Not used on non-Darwin systems
[12.651s] INFO:colcon.colcon_core.plugin_system:Skipping extension 'colcon_notification.desktop_notification.win32': Not used on non-Windows systems
[12.651s] INFO:colcon.colcon_notification.desktop_notification:Sending desktop notification using 'notify2'
[12.675s] DEBUG:colcon.colcon_core.event_reactor:joined thread
[12.675s] INFO:colcon.colcon_core.shell:Creating prefix script '/home/anon/ros2_ws/install/local_setup.ps1'
[12.696s] INFO:colcon.colcon_core.shell:Creating prefix util module '/home/anon/ros2_ws/install/_local_setup_util_ps1.py'
[12.699s] INFO:colcon.colcon_core.shell:Creating prefix chain script '/home/anon/ros2_ws/install/setup.ps1'
[12.702s] INFO:colcon.colcon_core.shell:Creating prefix script '/home/anon/ros2_ws/install/local_setup.sh'
[12.703s] INFO:colcon.colcon_core.shell:Creating prefix util module '/home/anon/ros2_ws/install/_local_setup_util_sh.py'
[12.704s] INFO:colcon.colcon_core.shell:Creating prefix chain script '/home/anon/ros2_ws/install/setup.sh'
[12.707s] INFO:colcon.colcon_core.shell:Creating prefix script '/home/anon/ros2_ws/install/local_setup.bash'
[12.717s] INFO:colcon.colcon_core.shell:Creating prefix chain script '/home/anon/ros2_ws/install/setup.bash'
[12.720s] INFO:colcon.colcon_core.shell:Creating prefix script '/home/anon/ros2_ws/install/local_setup.zsh'
[12.746s] INFO:colcon.colcon_core.shell:Creating prefix chain script '/home/anon/ros2_ws/install/setup.zsh'
