[1.106s] DEBUG:colcon:Command line arguments: ['/usr/bin/colcon', 'build']
[1.106s] DEBUG:colcon:Parsed command line arguments: Namespace(log_base=None, log_level=None, verb_name='build', build_base='build', install_base='install', merge_install=False, symlink_install=False, test_result_base=None, continue_on_error=False, executor='parallel', parallel_workers=8, event_handlers=None, ignore_user_meta=False, metas=['./colcon.meta'], base_paths=['.'], packages_ignore=None, packages_ignore_regex=None, paths=None, packages_up_to=None, packages_up_to_regex=None, packages_above=None, packages_above_and_dependencies=None, packages_above_depth=None, packages_select_by_dep=None, packages_skip_by_dep=None, packages_skip_up_to=None, packages_select_build_failed=False, packages_skip_build_finished=False, packages_select_test_failures=False, packages_skip_test_passed=False, packages_select=None, packages_skip=None, packages_select_regex=None, packages_skip_regex=None, packages_start=None, packages_end=None, allow_overriding=[], cmake_args=None, cmake_target=None, cmake_target_skip_unavailable=False, cmake_clean_cache=False, cmake_clean_first=False, cmake_force_configure=False, ament_cmake_args=None, catkin_cmake_args=None, catkin_skip_building_tests=False, verb_parser=<colcon_defaults.argument_parser.defaults.DefaultArgumentsDecorator object at 0x74ad619ef010>, verb_extension=<colcon_core.verb.build.BuildVerb object at 0x74ad61b834c0>, main=<bound method BuildVerb.main of <colcon_core.verb.build.BuildVerb object at 0x74ad61b834c0>>)
[3.892s] Level 1:colcon.colcon_core.package_discovery:discover_packages(colcon_meta) check parameters
[3.892s] Level 1:colcon.colcon_core.package_discovery:discover_packages(recursive) check parameters
[3.892s] Level 1:colcon.colcon_core.package_discovery:discover_packages(ignore) check parameters
[3.892s] Level 1:colcon.colcon_core.package_discovery:discover_packages(path) check parameters
[3.892s] Level 1:colcon.colcon_core.package_discovery:discover_packages(colcon_meta) discover
[3.893s] Level 1:colcon.colcon_core.package_discovery:discover_packages(recursive) discover
[3.893s] INFO:colcon.colcon_core.package_discovery:Crawling recursively for packages in '/home/anon/catkin_ws'
[3.893s] Level 1:colcon.colcon_core.package_identification:_identify(.) by extensions ['ignore', 'ignore_ament_install']
[3.893s] Level 1:colcon.colcon_core.package_identification:_identify(.) by extension 'ignore'
[3.893s] Level 1:colcon.colcon_core.package_identification:_identify(.) by extension 'ignore_ament_install'
[3.893s] Level 1:colcon.colcon_core.package_identification:_identify(.) by extensions ['colcon_pkg']
[3.893s] Level 1:colcon.colcon_core.package_identification:_identify(.) by extension 'colcon_pkg'
[3.893s] Level 1:colcon.colcon_core.package_identification:_identify(.) by extensions ['colcon_meta']
[3.893s] Level 1:colcon.colcon_core.package_identification:_identify(.) by extension 'colcon_meta'
[3.894s] Level 1:colcon.colcon_core.package_identification:_identify(.) by extensions ['ros']
[3.894s] Level 1:colcon.colcon_core.package_identification:_identify(.) by extension 'ros'
[3.916s] Level 1:colcon.colcon_core.package_identification:_identify(.) by extensions ['cmake', 'python']
[3.916s] Level 1:colcon.colcon_core.package_identification:_identify(.) by extension 'cmake'
[3.916s] Level 1:colcon.colcon_core.package_identification:_identify(.) by extension 'python'
[3.917s] Level 1:colcon.colcon_core.package_identification:_identify(.) by extensions ['python_setup_py']
[3.917s] Level 1:colcon.colcon_core.package_identification:_identify(.) by extension 'python_setup_py'
[3.917s] Level 1:colcon.colcon_core.package_identification:_identify(build) by extensions ['ignore', 'ignore_ament_install']
[3.917s] Level 1:colcon.colcon_core.package_identification:_identify(build) by extension 'ignore'
[3.917s] Level 1:colcon.colcon_core.package_identification:_identify(build) ignored
[3.917s] Level 1:colcon.colcon_core.package_identification:_identify(install) by extensions ['ignore', 'ignore_ament_install']
[3.917s] Level 1:colcon.colcon_core.package_identification:_identify(install) by extension 'ignore'
[3.918s] Level 1:colcon.colcon_core.package_identification:_identify(install) ignored
[3.918s] Level 1:colcon.colcon_core.package_identification:_identify(log) by extensions ['ignore', 'ignore_ament_install']
[3.918s] Level 1:colcon.colcon_core.package_identification:_identify(log) by extension 'ignore'
[3.918s] Level 1:colcon.colcon_core.package_identification:_identify(log) ignored
[3.918s] Level 1:colcon.colcon_core.package_identification:_identify(src) by extensions ['ignore', 'ignore_ament_install']
[3.918s] Level 1:colcon.colcon_core.package_identification:_identify(src) by extension 'ignore'
[3.918s] Level 1:colcon.colcon_core.package_identification:_identify(src) by extension 'ignore_ament_install'
[3.918s] Level 1:colcon.colcon_core.package_identification:_identify(src) by extensions ['colcon_pkg']
[3.919s] Level 1:colcon.colcon_core.package_identification:_identify(src) by extension 'colcon_pkg'
[3.919s] Level 1:colcon.colcon_core.package_identification:_identify(src) by extensions ['colcon_meta']
[3.919s] Level 1:colcon.colcon_core.package_identification:_identify(src) by extension 'colcon_meta'
[3.919s] Level 1:colcon.colcon_core.package_identification:_identify(src) by extensions ['ros']
[3.919s] Level 1:colcon.colcon_core.package_identification:_identify(src) by extension 'ros'
[3.919s] Level 1:colcon.colcon_core.package_identification:_identify(src) by extensions ['cmake', 'python']
[3.919s] Level 1:colcon.colcon_core.package_identification:_identify(src) by extension 'cmake'
[3.919s] Level 1:colcon.colcon_core.package_identification:_identify(src) by extension 'python'
[3.919s] Level 1:colcon.colcon_core.package_identification:_identify(src) by extensions ['python_setup_py']
[3.919s] Level 1:colcon.colcon_core.package_identification:_identify(src) by extension 'python_setup_py'
[3.919s] Level 1:colcon.colcon_core.package_identification:_identify(src/butler_robot) by extensions ['ignore', 'ignore_ament_install']
[3.920s] Level 1:colcon.colcon_core.package_identification:_identify(src/butler_robot) by extension 'ignore'
[3.920s] Level 1:colcon.colcon_core.package_identification:_identify(src/butler_robot) by extension 'ignore_ament_install'
[3.920s] Level 1:colcon.colcon_core.package_identification:_identify(src/butler_robot) by extensions ['colcon_pkg']
[3.920s] Level 1:colcon.colcon_core.package_identification:_identify(src/butler_robot) by extension 'colcon_pkg'
[3.920s] Level 1:colcon.colcon_core.package_identification:_identify(src/butler_robot) by extensions ['colcon_meta']
[3.920s] Level 1:colcon.colcon_core.package_identification:_identify(src/butler_robot) by extension 'colcon_meta'
[3.920s] Level 1:colcon.colcon_core.package_identification:_identify(src/butler_robot) by extensions ['ros']
[3.920s] Level 1:colcon.colcon_core.package_identification:_identify(src/butler_robot) by extension 'ros'
[3.949s] DEBUG:colcon.colcon_core.package_identification:Failed to parse potential ROS package manifest in'src/butler_robot': Error(s) in package 'src/butler_robot/package.xml':
Error(s):
- The generic dependency on 'rclpy' is redundant with: exec_depend
[3.950s] Level 1:colcon.colcon_core.package_identification:_identify(src/butler_robot) by extensions ['cmake', 'python']
[3.950s] Level 1:colcon.colcon_core.package_identification:_identify(src/butler_robot) by extension 'cmake'
[3.950s] Level 1:colcon.colcon_core.package_identification:_identify(src/butler_robot) by extension 'python'
[3.950s] DEBUG:colcon.colcon_core.package_identification:Python package in 'src/butler_robot' passes arguments to the setup() function which requires a different identification extension than 'python'
[3.950s] Level 1:colcon.colcon_core.package_identification:_identify(src/butler_robot) by extensions ['python_setup_py']
[3.950s] Level 1:colcon.colcon_core.package_identification:_identify(src/butler_robot) by extension 'python_setup_py'
[4.414s] DEBUG:colcon.colcon_core.package_identification:Package 'src/butler_robot' with type 'python' and name 'butler_robot'
[4.414s] Level 1:colcon.colcon_core.package_discovery:discover_packages(recursive) using defaults
[4.414s] Level 1:colcon.colcon_core.package_discovery:discover_packages(ignore) discover
[4.414s] Level 1:colcon.colcon_core.package_discovery:discover_packages(ignore) using defaults
[4.415s] Level 1:colcon.colcon_core.package_discovery:discover_packages(path) discover
[4.415s] Level 1:colcon.colcon_core.package_discovery:discover_packages(path) using defaults
[4.610s] Level 1:colcon.colcon_core.package_discovery:discover_packages(prefix_path) check parameters
[4.610s] Level 1:colcon.colcon_core.package_discovery:discover_packages(prefix_path) discover
[4.688s] DEBUG:colcon.colcon_installed_package_information.package_discovery:Found 1 installed packages in /home/anon/aruco_pose/install
[4.690s] DEBUG:colcon.colcon_installed_package_information.package_discovery:Found 9 installed packages in /home/anon/colcon_ws/install
[4.692s] DEBUG:colcon.colcon_installed_package_information.package_discovery:Found 205 installed packages in /opt/ros/humble
[4.694s] Level 1:colcon.colcon_core.package_discovery:discover_packages(prefix_path) using defaults
[5.065s] Level 5:colcon.colcon_core.verb:set package 'butler_robot' build argument 'cmake_args' from command line to 'None'
[5.065s] Level 5:colcon.colcon_core.verb:set package 'butler_robot' build argument 'cmake_target' from command line to 'None'
[5.065s] Level 5:colcon.colcon_core.verb:set package 'butler_robot' build argument 'cmake_target_skip_unavailable' from command line to 'False'
[5.065s] Level 5:colcon.colcon_core.verb:set package 'butler_robot' build argument 'cmake_clean_cache' from command line to 'False'
[5.065s] Level 5:colcon.colcon_core.verb:set package 'butler_robot' build argument 'cmake_clean_first' from command line to 'False'
[5.065s] Level 5:colcon.colcon_core.verb:set package 'butler_robot' build argument 'cmake_force_configure' from command line to 'False'
[5.065s] Level 5:colcon.colcon_core.verb:set package 'butler_robot' build argument 'ament_cmake_args' from command line to 'None'
[5.065s] Level 5:colcon.colcon_core.verb:set package 'butler_robot' build argument 'catkin_cmake_args' from command line to 'None'
[5.065s] Level 5:colcon.colcon_core.verb:set package 'butler_robot' build argument 'catkin_skip_building_tests' from command line to 'False'
[5.065s] DEBUG:colcon.colcon_core.verb:Building package 'butler_robot' with the following arguments: {'ament_cmake_args': None, 'build_base': '/home/anon/catkin_ws/build/butler_robot', 'catkin_cmake_args': None, 'catkin_skip_building_tests': False, 'cmake_args': None, 'cmake_clean_cache': False, 'cmake_clean_first': False, 'cmake_force_configure': False, 'cmake_target': None, 'cmake_target_skip_unavailable': False, 'install_base': '/home/anon/catkin_ws/install/butler_robot', 'merge_install': False, 'path': '/home/anon/catkin_ws/src/butler_robot', 'symlink_install': False, 'test_result_base': None}
[5.066s] INFO:colcon.colcon_core.executor:Executing jobs using 'parallel' executor
[5.067s] DEBUG:colcon.colcon_parallel_executor.executor.parallel:run_until_complete
[5.068s] INFO:colcon.colcon_core.task.python.build:Building Python package in '/home/anon/catkin_ws/src/butler_robot'
[5.144s] INFO:colcon.colcon_core.plugin_system:Skipping extension 'colcon_core.shell.bat': Not used on non-Windows systems
[5.144s] INFO:colcon.colcon_core.shell:Skip shell extension 'powershell' for command environment: Not usable outside of PowerShell
[5.144s] DEBUG:colcon.colcon_core.shell:Skip shell extension 'dsv' for command environment
[7.320s] DEBUG:colcon.colcon_core.event_handler.log_command:Invoking command in '/home/anon/catkin_ws/src/butler_robot': PYTHONPATH=/home/anon/catkin_ws/build/butler_robot/prefix_override:/usr/lib/python3/dist-packages/colcon_core/task/python/colcon_distutils_commands:/home/anon/catkin_ws/install/butler_robot/lib/python3.10/site-packages:${PYTHONPATH} /usr/bin/python3 -W ignore:setup.py install is deprecated setup.py egg_info --egg-base ../../build/butler_robot build --build-base /home/anon/catkin_ws/build/butler_robot/build install --record /home/anon/catkin_ws/build/butler_robot/install.log --single-version-externally-managed install_data
[7.820s] DEBUG:colcon.colcon_core.event_handler.log_command:Invoked command in '/home/anon/catkin_ws/src/butler_robot' returned '0': PYTHONPATH=/home/anon/catkin_ws/build/butler_robot/prefix_override:/usr/lib/python3/dist-packages/colcon_core/task/python/colcon_distutils_commands:/home/anon/catkin_ws/install/butler_robot/lib/python3.10/site-packages:${PYTHONPATH} /usr/bin/python3 -W ignore:setup.py install is deprecated setup.py egg_info --egg-base ../../build/butler_robot build --build-base /home/anon/catkin_ws/build/butler_robot/build install --record /home/anon/catkin_ws/build/butler_robot/install.log --single-version-externally-managed install_data
[8.143s] Level 1:colcon.colcon_core.environment:checking '/home/anon/catkin_ws/install/butler_robot' for CMake module files
[8.144s] Level 1:colcon.colcon_core.environment:checking '/home/anon/catkin_ws/install/butler_robot' for CMake config files
[8.162s] Level 1:colcon.colcon_core.environment:checking '/home/anon/catkin_ws/install/butler_robot/lib'
[8.163s] Level 1:colcon.colcon_core.environment:checking '/home/anon/catkin_ws/install/butler_robot/bin'
[8.163s] Level 1:colcon.colcon_core.environment:checking '/home/anon/catkin_ws/install/butler_robot/lib/pkgconfig/butler_robot.pc'
[8.164s] Level 1:colcon.colcon_core.environment:checking '/home/anon/catkin_ws/install/butler_robot/lib/python3.10/site-packages'
[8.164s] Level 1:colcon.colcon_core.shell:create_environment_hook('butler_robot', 'pythonpath')
[8.164s] INFO:colcon.colcon_core.shell:Creating environment hook '/home/anon/catkin_ws/install/butler_robot/share/butler_robot/hook/pythonpath.ps1'
[8.182s] INFO:colcon.colcon_core.shell:Creating environment descriptor '/home/anon/catkin_ws/install/butler_robot/share/butler_robot/hook/pythonpath.dsv'
[8.183s] INFO:colcon.colcon_core.shell:Creating environment hook '/home/anon/catkin_ws/install/butler_robot/share/butler_robot/hook/pythonpath.sh'
[8.184s] Level 1:colcon.colcon_core.environment:checking '/home/anon/catkin_ws/install/butler_robot/bin'
[8.185s] Level 1:colcon.colcon_core.environment:create_environment_scripts_only(butler_robot)
[8.185s] INFO:colcon.colcon_core.shell:Creating package script '/home/anon/catkin_ws/install/butler_robot/share/butler_robot/package.ps1'
[8.187s] INFO:colcon.colcon_core.shell:Creating package descriptor '/home/anon/catkin_ws/install/butler_robot/share/butler_robot/package.dsv'
[8.188s] INFO:colcon.colcon_core.shell:Creating package script '/home/anon/catkin_ws/install/butler_robot/share/butler_robot/package.sh'
[8.189s] INFO:colcon.colcon_core.shell:Creating package script '/home/anon/catkin_ws/install/butler_robot/share/butler_robot/package.bash'
[8.212s] INFO:colcon.colcon_core.shell:Creating package script '/home/anon/catkin_ws/install/butler_robot/share/butler_robot/package.zsh'
[8.454s] Level 1:colcon.colcon_core.environment:create_file_with_runtime_dependencies(/home/anon/catkin_ws/install/butler_robot/share/colcon-core/packages/butler_robot)
[8.455s] DEBUG:colcon.colcon_parallel_executor.executor.parallel:closing loop
[8.455s] DEBUG:colcon.colcon_parallel_executor.executor.parallel:loop closed
[8.456s] DEBUG:colcon.colcon_parallel_executor.executor.parallel:run_until_complete finished with '0'
[8.456s] DEBUG:colcon.colcon_core.event_reactor:joining thread
[8.508s] INFO:colcon.colcon_core.plugin_system:Skipping extension 'colcon_notification.desktop_notification.terminal_notifier': Not used on non-Darwin systems
[8.509s] INFO:colcon.colcon_core.plugin_system:Skipping extension 'colcon_notification.desktop_notification.win32': Not used on non-Windows systems
[8.509s] INFO:colcon.colcon_notification.desktop_notification:Sending desktop notification using 'notify2'
[8.554s] DEBUG:colcon.colcon_core.event_reactor:joined thread
[8.555s] INFO:colcon.colcon_core.shell:Creating prefix script '/home/anon/catkin_ws/install/local_setup.ps1'
[8.557s] INFO:colcon.colcon_core.shell:Creating prefix util module '/home/anon/catkin_ws/install/_local_setup_util_ps1.py'
[8.560s] INFO:colcon.colcon_core.shell:Creating prefix chain script '/home/anon/catkin_ws/install/setup.ps1'
[8.563s] INFO:colcon.colcon_core.shell:Creating prefix script '/home/anon/catkin_ws/install/local_setup.sh'
[8.564s] INFO:colcon.colcon_core.shell:Creating prefix util module '/home/anon/catkin_ws/install/_local_setup_util_sh.py'
[8.565s] INFO:colcon.colcon_core.shell:Creating prefix chain script '/home/anon/catkin_ws/install/setup.sh'
[8.568s] INFO:colcon.colcon_core.shell:Creating prefix script '/home/anon/catkin_ws/install/local_setup.bash'
[8.569s] INFO:colcon.colcon_core.shell:Creating prefix chain script '/home/anon/catkin_ws/install/setup.bash'
[8.571s] INFO:colcon.colcon_core.shell:Creating prefix script '/home/anon/catkin_ws/install/local_setup.zsh'
[8.572s] INFO:colcon.colcon_core.shell:Creating prefix chain script '/home/anon/catkin_ws/install/setup.zsh'
